\BOOKMARK [0][-]{part.1}{\376\377\000I\000\040}{}% 1
\BOOKMARK [1][-]{section.1}{\376\377\000M\000i\000n\000i\000m\000u\000m\000\040\000E\000d\000i\000t\000\040\000D\000i\000s\000t\000a\000n\000c\000e}{part.1}% 2
\BOOKMARK [2][-]{subsection.1.1}{\376\377\000H\000o\000w\000\040\000s\000i\000m\000i\000l\000a\000r\000\040\000a\000r\000e\000\040\000t\000w\000o\000\040\000s\000t\000r\000i\000n\000g\000s\000?}{section.1}% 3
\BOOKMARK [3][-]{subsubsection.1.1.1}{\376\377\000S\000p\000e\000l\000l\000\040\000C\000o\000r\000r\000e\000c\000t\000i\000o\000n}{subsection.1.1}% 4
\BOOKMARK [3][-]{subsubsection.1.1.2}{\376\377\000C\000o\000m\000p\000u\000t\000a\000t\000i\000o\000n\000a\000l\000\040\000B\000i\000o\000l\000o\000g\000y}{subsection.1.1}% 5
\BOOKMARK [3][-]{subsubsection.1.1.3}{\376\377\000O\000t\000h\000e\000r\000\040\000A\000p\000p\000l\000i\000c\000a\000t\000i\000o\000n\000s}{subsection.1.1}% 6
\BOOKMARK [2][-]{subsection.1.2}{\376\377\000E\000d\000i\000t\000\040\000D\000i\000s\000t\000a\000n\000c\000e}{section.1}% 7
\BOOKMARK [3][-]{subsubsection.1.2.1}{\376\377\000E\000d\000i\000t\000\040\000O\000p\000e\000r\000a\000t\000i\000o\000n\000s}{subsection.1.2}% 8
\BOOKMARK [3][-]{subsubsection.1.2.2}{\376\377\000K\000e\000y\000\040\000C\000o\000n\000c\000e\000p\000t}{subsection.1.2}% 9
\BOOKMARK [3][-]{subsubsection.1.2.3}{\376\377\000E\000x\000a\000m\000p\000l\000e\000:\000\040\000A\000l\000i\000g\000n\000m\000e\000n\000t\000\040\000o\000f\000\040\000T\000w\000o\000\040\000S\000t\000r\000i\000n\000g\000s}{subsection.1.2}% 10
\BOOKMARK [3][-]{subsubsection.1.2.4}{\376\377\000C\000o\000s\000t\000\040\000V\000a\000r\000i\000a\000n\000t\000s\000:\000\040\000S\000t\000a\000n\000d\000a\000r\000d\000\040\000v\000s\000\040\000L\000e\000v\000e\000n\000s\000h\000t\000e\000i\000n}{subsection.1.2}% 11
\BOOKMARK [2][-]{subsection.1.3}{\376\377\000A\000l\000i\000g\000n\000m\000e\000n\000t\000\040\000i\000n\000\040\000C\000o\000m\000p\000u\000t\000a\000t\000i\000o\000n\000a\000l\000\040\000B\000i\000o\000l\000o\000g\000y}{section.1}% 12
\BOOKMARK [3][-]{subsubsection.1.3.1}{\376\377\000T\000h\000e\000\040\000A\000l\000i\000g\000n\000m\000e\000n\000t\000\040\000P\000r\000o\000b\000l\000e\000m}{subsection.1.3}% 13
\BOOKMARK [3][-]{subsubsection.1.3.2}{\376\377\000A\000l\000i\000g\000n\000m\000e\000n\000t\000\040\000O\000b\000j\000e\000c\000t\000i\000v\000e}{subsection.1.3}% 14
\BOOKMARK [2][-]{subsection.1.4}{\376\377\000O\000t\000h\000e\000r\000\040\000U\000s\000e\000s\000\040\000o\000f\000\040\000E\000d\000i\000t\000\040\000D\000i\000s\000t\000a\000n\000c\000e\000\040\000i\000n\000\040\000N\000L\000P}{section.1}% 15
\BOOKMARK [3][-]{subsubsection.1.4.1}{\376\377\000E\000v\000a\000l\000u\000a\000t\000i\000n\000g\000\040\000M\000a\000c\000h\000i\000n\000e\000\040\000T\000r\000a\000n\000s\000l\000a\000t\000i\000o\000n\000\040\000a\000n\000d\000\040\000S\000p\000e\000e\000c\000h\000\040\000R\000e\000c\000o\000g\000n\000i\000t\000i\000o\000n}{subsection.1.4}% 16
\BOOKMARK [3][-]{subsubsection.1.4.2}{\376\377\000N\000a\000m\000e\000d\000\040\000E\000n\000t\000i\000t\000y\000\040\000E\000x\000t\000r\000a\000c\000t\000i\000o\000n\000\040\000a\000n\000d\000\040\000E\000n\000t\000i\000t\000y\000\040\000C\000o\000r\000e\000f\000e\000r\000e\000n\000c\000e}{subsection.1.4}% 17
\BOOKMARK [2][-]{subsection.1.5}{\376\377\000H\000o\000w\000\040\000t\000o\000\040\000F\000i\000n\000d\000\040\000t\000h\000e\000\040\000M\000i\000n\000i\000m\000u\000m\000\040\000E\000d\000i\000t\000\040\000D\000i\000s\000t\000a\000n\000c\000e\000?}{section.1}% 18
\BOOKMARK [3][-]{subsubsection.1.5.1}{\376\377\000S\000e\000a\000r\000c\000h\000\040\000P\000r\000o\000b\000l\000e\000m\000\040\000F\000o\000r\000m\000u\000l\000a\000t\000i\000o\000n}{subsection.1.5}% 19
\BOOKMARK [3][-]{subsubsection.1.5.2}{\376\377\000S\000e\000a\000r\000c\000h\000\040\000S\000p\000a\000c\000e\000\040\000E\000x\000a\000m\000p\000l\000e}{subsection.1.5}% 20
\BOOKMARK [2][-]{subsection.1.6}{\376\377\000M\000i\000n\000i\000m\000u\000m\000\040\000E\000d\000i\000t\000\040\000a\000s\000\040\000S\000e\000a\000r\000c\000h}{section.1}% 21
\BOOKMARK [3][-]{subsubsection.1.6.1}{\376\377\000T\000h\000e\000\040\000C\000h\000a\000l\000l\000e\000n\000g\000e\000:\000\040\000H\000u\000g\000e\000\040\000S\000e\000a\000r\000c\000h\000\040\000S\000p\000a\000c\000e}{subsection.1.6}% 22
\BOOKMARK [3][-]{subsubsection.1.6.2}{\376\377\000K\000e\000y\000\040\000O\000p\000t\000i\000m\000i\000z\000a\000t\000i\000o\000n\000\040\000I\000n\000s\000i\000g\000h\000t}{subsection.1.6}% 23
\BOOKMARK [2][-]{subsection.1.7}{\376\377\000D\000e\000f\000i\000n\000i\000n\000g\000\040\000M\000i\000n\000i\000m\000u\000m\000\040\000E\000d\000i\000t\000\040\000D\000i\000s\000t\000a\000n\000c\000e}{section.1}% 24
\BOOKMARK [3][-]{subsubsection.1.7.1}{\376\377\000F\000o\000r\000m\000a\000l\000\040\000D\000e\000f\000i\000n\000i\000t\000i\000o\000n}{subsection.1.7}% 25
\BOOKMARK [3][-]{subsubsection.1.7.2}{\376\377\000N\000o\000t\000a\000t\000i\000o\000n\000\040\000E\000x\000p\000l\000a\000n\000a\000t\000i\000o\000n}{subsection.1.7}% 26
\BOOKMARK [1][-]{section.2}{\376\377\000D\000y\000n\000a\000m\000i\000c\000\040\000P\000r\000o\000g\000r\000a\000m\000m\000i\000n\000g\000\040\000f\000o\000r\000\040\000M\000i\000n\000i\000m\000u\000m\000\040\000E\000d\000i\000t\000\040\000D\000i\000s\000t\000a\000n\000c\000e}{part.1}% 27
\BOOKMARK [2][-]{subsection.2.1}{\376\377\000W\000h\000a\000t\000\040\000i\000s\000\040\000D\000y\000n\000a\000m\000i\000c\000\040\000P\000r\000o\000g\000r\000a\000m\000m\000i\000n\000g\000?}{section.2}% 28
\BOOKMARK [2][-]{subsection.2.2}{\376\377\000B\000o\000t\000t\000o\000m\000-\000U\000p\000\040\000A\000p\000p\000r\000o\000a\000c\000h}{section.2}% 29
\BOOKMARK [3][-]{subsubsection.2.2.1}{\376\377\000W\000h\000y\000\040\000B\000o\000t\000t\000o\000m\000-\000U\000p\000?}{subsection.2.2}% 30
\BOOKMARK [3][-]{subsubsection.2.2.2}{\376\377\000T\000h\000e\000\040\000P\000r\000o\000c\000e\000s\000s}{subsection.2.2}% 31
\BOOKMARK [2][-]{subsection.2.3}{\376\377\000D\000e\000f\000i\000n\000i\000n\000g\000\040\000M\000i\000n\000\040\000E\000d\000i\000t\000\040\000D\000i\000s\000t\000a\000n\000c\000e\000\040\000\050\000L\000e\000v\000e\000n\000s\000h\000t\000e\000i\000n\000\051}{section.2}% 32
\BOOKMARK [3][-]{subsubsection.2.3.1}{\376\377\000I\000n\000i\000t\000i\000a\000l\000i\000z\000a\000t\000i\000o\000n}{subsection.2.3}% 33
\BOOKMARK [3][-]{subsubsection.2.3.2}{\376\377\000R\000e\000c\000u\000r\000r\000e\000n\000c\000e\000\040\000R\000e\000l\000a\000t\000i\000o\000n}{subsection.2.3}% 34
\BOOKMARK [3][-]{subsubsection.2.3.3}{\376\377\000T\000e\000r\000m\000i\000n\000a\000t\000i\000o\000n}{subsection.2.3}% 35
\BOOKMARK [3][-]{subsubsection.2.3.4}{\376\377\000A\000l\000g\000o\000r\000i\000t\000h\000m\000\040\000S\000u\000m\000m\000a\000r\000y}{subsection.2.3}% 36
\BOOKMARK [2][-]{subsection.2.4}{\376\377\000T\000h\000e\000\040\000E\000d\000i\000t\000\040\000D\000i\000s\000t\000a\000n\000c\000e\000\040\000T\000a\000b\000l\000e}{section.2}% 37
\BOOKMARK [3][-]{subsubsection.2.4.1}{\376\377\000T\000a\000b\000l\000e\000\040\000S\000t\000r\000u\000c\000t\000u\000r\000e}{subsection.2.4}% 38
\BOOKMARK [3][-]{subsubsection.2.4.2}{\376\377\000I\000n\000i\000t\000i\000a\000l\000i\000z\000a\000t\000i\000o\000n}{subsection.2.4}% 39
\BOOKMARK [3][-]{subsubsection.2.4.3}{\376\377\000R\000e\000c\000u\000r\000r\000e\000n\000c\000e\000\040\000R\000e\000l\000a\000t\000i\000o\000n\000\040\000V\000i\000s\000u\000a\000l\000i\000z\000a\000t\000i\000o\000n}{subsection.2.4}% 40
\BOOKMARK [3][-]{subsubsection.2.4.4}{\376\377\000C\000o\000m\000p\000l\000e\000t\000e\000\040\000T\000a\000b\000l\000e}{subsection.2.4}% 41
\BOOKMARK [1][-]{section.3}{\376\377\000C\000o\000m\000p\000u\000t\000i\000n\000g\000\040\000M\000i\000n\000i\000m\000u\000m\000\040\000E\000d\000i\000t\000\040\000D\000i\000s\000t\000a\000n\000c\000e}{part.1}% 42
\BOOKMARK [2][-]{subsection.3.1}{\376\377\000B\000a\000c\000k\000t\000r\000a\000c\000e\000\040\000f\000o\000r\000\040\000C\000o\000m\000p\000u\000t\000i\000n\000g\000\040\000A\000l\000i\000g\000n\000m\000e\000n\000t\000s}{section.3}% 43
\BOOKMARK [3][-]{subsubsection.3.1.1}{\376\377\000W\000h\000y\000\040\000A\000l\000i\000g\000n\000m\000e\000n\000t\000s\000\040\000M\000a\000t\000t\000e\000r}{subsection.3.1}% 44
\BOOKMARK [3][-]{subsubsection.3.1.2}{\376\377\000T\000h\000e\000\040\000B\000a\000c\000k\000t\000r\000a\000c\000e\000\040\000M\000e\000t\000h\000o\000d}{subsection.3.1}% 45
\BOOKMARK [3][-]{subsubsection.3.1.3}{\376\377\000S\000t\000o\000r\000i\000n\000g\000\040\000B\000a\000c\000k\000p\000o\000i\000n\000t\000e\000r\000s}{subsection.3.1}% 46
\BOOKMARK [3][-]{subsubsection.3.1.4}{\376\377\000R\000e\000a\000d\000i\000n\000g\000\040\000t\000h\000e\000\040\000A\000l\000i\000g\000n\000m\000e\000n\000t}{subsection.3.1}% 47
\BOOKMARK [3][-]{subsubsection.3.1.5}{\376\377\000E\000x\000a\000m\000p\000l\000e\000:\000\040\000A\000l\000i\000g\000n\000m\000e\000n\000t\000\040\000R\000e\000c\000o\000n\000s\000t\000r\000u\000c\000t\000i\000o\000n}{subsection.3.1}% 48
\BOOKMARK [2][-]{subsection.3.2}{\376\377\000M\000i\000n\000E\000d\000i\000t\000\040\000w\000i\000t\000h\000\040\000B\000a\000c\000k\000t\000r\000a\000c\000e}{section.3}% 49
\BOOKMARK [3][-]{subsubsection.3.2.1}{\376\377\000C\000o\000m\000p\000l\000e\000t\000e\000\040\000T\000a\000b\000l\000e\000\040\000w\000i\000t\000h\000\040\000B\000a\000c\000k\000p\000o\000i\000n\000t\000e\000r\000s}{subsection.3.2}% 50
\BOOKMARK [3][-]{subsubsection.3.2.2}{\376\377\000U\000n\000d\000e\000r\000s\000t\000a\000n\000d\000i\000n\000g\000\040\000t\000h\000e\000\040\000A\000r\000r\000o\000w\000s}{subsection.3.2}% 51
\BOOKMARK [3][-]{subsubsection.3.2.3}{\376\377\000T\000r\000a\000c\000i\000n\000g\000\040\000t\000h\000e\000\040\000O\000p\000t\000i\000m\000a\000l\000\040\000P\000a\000t\000h}{subsection.3.2}% 52
\BOOKMARK [3][-]{subsubsection.3.2.4}{\376\377\000K\000e\000y\000\040\000O\000b\000s\000e\000r\000v\000a\000t\000i\000o\000n\000s}{subsection.3.2}% 53
\BOOKMARK [2][-]{subsection.3.3}{\376\377\000A\000d\000d\000i\000n\000g\000\040\000B\000a\000c\000k\000t\000r\000a\000c\000e\000\040\000t\000o\000\040\000M\000i\000n\000i\000m\000u\000m\000\040\000E\000d\000i\000t\000\040\000D\000i\000s\000t\000a\000n\000c\000e}{section.3}% 54
\BOOKMARK [3][-]{subsubsection.3.3.1}{\376\377\000M\000o\000d\000i\000f\000i\000e\000d\000\040\000A\000l\000g\000o\000r\000i\000t\000h\000m\000\040\000w\000i\000t\000h\000\040\000B\000a\000c\000k\000p\000o\000i\000n\000t\000e\000r\000s}{subsection.3.3}% 55
\BOOKMARK [3][-]{subsubsection.3.3.2}{\376\377\000I\000m\000p\000l\000e\000m\000e\000n\000t\000a\000t\000i\000o\000n\000\040\000D\000e\000t\000a\000i\000l\000s}{subsection.3.3}% 56
\BOOKMARK [3][-]{subsubsection.3.3.3}{\376\377\000R\000e\000c\000o\000n\000s\000t\000r\000u\000c\000t\000i\000n\000g\000\040\000t\000h\000e\000\040\000A\000l\000i\000g\000n\000m\000e\000n\000t}{subsection.3.3}% 57
\BOOKMARK [3][-]{subsubsection.3.3.4}{\376\377\000K\000e\000y\000\040\000P\000o\000i\000n\000t\000s}{subsection.3.3}% 58
\BOOKMARK [3][-]{subsubsection.3.3.5}{\376\377\000P\000o\000i\000n\000t\000e\000r\000\040\000I\000n\000t\000e\000r\000p\000r\000e\000t\000a\000t\000i\000o\000n}{subsection.3.3}% 59
\BOOKMARK [2][-]{subsection.3.4}{\376\377\000T\000h\000e\000\040\000D\000i\000s\000t\000a\000n\000c\000e\000\040\000M\000a\000t\000r\000i\000x}{section.3}% 60
\BOOKMARK [3][-]{subsubsection.3.4.1}{\376\377\000M\000a\000t\000r\000i\000x\000\040\000R\000e\000p\000r\000e\000s\000e\000n\000t\000a\000t\000i\000o\000n}{subsection.3.4}% 61
\BOOKMARK [3][-]{subsubsection.3.4.2}{\376\377\000P\000a\000t\000h\000s\000\040\000a\000n\000d\000\040\000A\000l\000i\000g\000n\000m\000e\000n\000t\000s}{subsection.3.4}% 62
\BOOKMARK [3][-]{subsubsection.3.4.3}{\376\377\000N\000o\000n\000-\000D\000e\000c\000r\000e\000a\000s\000i\000n\000g\000\040\000P\000a\000t\000h\000s}{subsection.3.4}% 63
\BOOKMARK [3][-]{subsubsection.3.4.4}{\376\377\000O\000p\000t\000i\000m\000a\000l\000\040\000A\000l\000i\000g\000n\000m\000e\000n\000t}{subsection.3.4}% 64
\BOOKMARK [3][-]{subsubsection.3.4.5}{\376\377\000C\000o\000u\000n\000t\000i\000n\000g\000\040\000P\000a\000t\000h\000s}{subsection.3.4}% 65
\BOOKMARK [3][-]{subsubsection.3.4.6}{\376\377\000V\000i\000s\000u\000a\000l\000\040\000I\000n\000t\000e\000r\000p\000r\000e\000t\000a\000t\000i\000o\000n}{subsection.3.4}% 66
\BOOKMARK [2][-]{subsection.3.5}{\376\377\000R\000e\000s\000u\000l\000t\000\040\000o\000f\000\040\000B\000a\000c\000k\000t\000r\000a\000c\000e}{section.3}% 67
\BOOKMARK [3][-]{subsubsection.3.5.1}{\376\377\000T\000w\000o\000\040\000S\000t\000r\000i\000n\000g\000s\000\040\000a\000n\000d\000\040\000T\000h\000e\000i\000r\000\040\000A\000l\000i\000g\000n\000m\000e\000n\000t}{subsection.3.5}% 68
\BOOKMARK [3][-]{subsubsection.3.5.2}{\376\377\000I\000n\000t\000e\000r\000p\000r\000e\000t\000i\000n\000g\000\040\000t\000h\000e\000\040\000A\000l\000i\000g\000n\000m\000e\000n\000t}{subsection.3.5}% 69
\BOOKMARK [3][-]{subsubsection.3.5.3}{\376\377\000O\000p\000e\000r\000a\000t\000i\000o\000n\000s\000\040\000i\000n\000\040\000t\000h\000e\000\040\000A\000l\000i\000g\000n\000m\000e\000n\000t}{subsection.3.5}% 70
\BOOKMARK [1][-]{section.4}{\376\377\000P\000e\000r\000f\000o\000r\000m\000a\000n\000c\000e\000\040\000A\000n\000a\000l\000y\000s\000i\000s}{part.1}% 71
\BOOKMARK [2][-]{subsection.4.1}{\376\377\000T\000i\000m\000e\000\040\000C\000o\000m\000p\000l\000e\000x\000i\000t\000y}{section.4}% 72
\BOOKMARK [2][-]{subsection.4.2}{\376\377\000S\000p\000a\000c\000e\000\040\000C\000o\000m\000p\000l\000e\000x\000i\000t\000y}{section.4}% 73
\BOOKMARK [2][-]{subsection.4.3}{\376\377\000B\000a\000c\000k\000t\000r\000a\000c\000e\000\040\000C\000o\000m\000p\000l\000e\000x\000i\000t\000y}{section.4}% 74
\BOOKMARK [2][-]{subsection.4.4}{\376\377\000O\000v\000e\000r\000a\000l\000l\000\040\000C\000o\000m\000p\000l\000e\000x\000i\000t\000y\000\040\000S\000u\000m\000m\000a\000r\000y}{section.4}% 75
\BOOKMARK [2][-]{subsection.4.5}{\376\377\000P\000r\000a\000c\000t\000i\000c\000a\000l\000\040\000C\000o\000n\000s\000i\000d\000e\000r\000a\000t\000i\000o\000n\000s}{section.4}% 76
\BOOKMARK [2][-]{subsection.4.6}{\376\377\000C\000o\000m\000p\000a\000r\000i\000s\000o\000n\000\040\000w\000i\000t\000h\000\040\000N\000a\000i\000v\000e\000\040\000A\000p\000p\000r\000o\000a\000c\000h}{section.4}% 77
\BOOKMARK [1][-]{section.5}{\376\377\000W\000e\000i\000g\000h\000t\000e\000d\000\040\000E\000d\000i\000t\000\040\000D\000i\000s\000t\000a\000n\000c\000e}{part.1}% 78
\BOOKMARK [2][-]{subsection.5.1}{\376\377\000W\000h\000y\000\040\000A\000d\000d\000\040\000W\000e\000i\000g\000h\000t\000s\000\040\000t\000o\000\040\000t\000h\000e\000\040\000C\000o\000m\000p\000u\000t\000a\000t\000i\000o\000n\000?}{section.5}% 79
\BOOKMARK [3][-]{subsubsection.5.1.1}{\376\377\000S\000p\000e\000l\000l\000\040\000C\000o\000r\000r\000e\000c\000t\000i\000o\000n}{subsection.5.1}% 80
\BOOKMARK [3][-]{subsubsection.5.1.2}{\376\377\000B\000i\000o\000l\000o\000g\000y}{subsection.5.1}% 81
\BOOKMARK [2][-]{subsection.5.2}{\376\377\000C\000o\000n\000f\000u\000s\000i\000o\000n\000\040\000M\000a\000t\000r\000i\000x\000\040\000f\000o\000r\000\040\000S\000p\000e\000l\000l\000i\000n\000g\000\040\000E\000r\000r\000o\000r\000s}{section.5}% 82
\BOOKMARK [3][-]{subsubsection.5.2.1}{\376\377\000S\000t\000r\000u\000c\000t\000u\000r\000e\000\040\000o\000f\000\040\000t\000h\000e\000\040\000C\000o\000n\000f\000u\000s\000i\000o\000n\000\040\000M\000a\000t\000r\000i\000x}{subsection.5.2}% 83
\BOOKMARK [3][-]{subsubsection.5.2.2}{\376\377\000U\000s\000i\000n\000g\000\040\000t\000h\000e\000\040\000C\000o\000n\000f\000u\000s\000i\000o\000n\000\040\000M\000a\000t\000r\000i\000x}{subsection.5.2}% 84
\BOOKMARK [3][-]{subsubsection.5.2.3}{\376\377\000I\000n\000c\000o\000r\000p\000o\000r\000a\000t\000i\000n\000g\000\040\000W\000e\000i\000g\000h\000t\000s\000\040\000i\000n\000t\000o\000\040\000E\000d\000i\000t\000\040\000D\000i\000s\000t\000a\000n\000c\000e}{subsection.5.2}% 85
\BOOKMARK [2][-]{subsection.5.3}{\376\377\000B\000e\000n\000e\000f\000i\000t\000s\000\040\000o\000f\000\040\000W\000e\000i\000g\000h\000t\000e\000d\000\040\000E\000d\000i\000t\000\040\000D\000i\000s\000t\000a\000n\000c\000e}{section.5}% 86
\BOOKMARK [2][-]{subsection.5.4}{\376\377\000E\000x\000a\000m\000p\000l\000e\000:\000\040\000W\000e\000i\000g\000h\000t\000e\000d\000\040\000S\000p\000e\000l\000l\000\040\000C\000o\000r\000r\000e\000c\000t\000i\000o\000n}{section.5}% 87
\BOOKMARK [2][-]{subsection.5.5}{\376\377\000L\000o\000c\000a\000l\000\040\000A\000l\000i\000g\000n\000m\000e\000n\000t\000\040\000E\000x\000a\000m\000p\000l\000e}{section.5}% 88
\BOOKMARK [3][-]{subsubsection.5.5.1}{\376\377\000P\000r\000o\000b\000l\000e\000m\000\040\000S\000e\000t\000u\000p}{subsection.5.5}% 89
\BOOKMARK [3][-]{subsubsection.5.5.2}{\376\377\000S\000t\000e\000p\000\040\0001\000:\000\040\000I\000n\000i\000t\000i\000a\000l\000i\000z\000e\000\040\000t\000h\000e\000\040\000T\000a\000b\000l\000e}{subsection.5.5}% 90
\BOOKMARK [3][-]{subsubsection.5.5.3}{\376\377\000S\000t\000e\000p\000\040\0002\000:\000\040\000F\000i\000l\000l\000\040\000t\000h\000e\000\040\000T\000a\000b\000l\000e}{subsection.5.5}% 91
\BOOKMARK [3][-]{subsubsection.5.5.4}{\376\377\000S\000t\000e\000p\000\040\0003\000:\000\040\000T\000r\000a\000c\000e\000\040\000B\000a\000c\000k\000\040\000t\000h\000e\000\040\000O\000p\000t\000i\000m\000a\000l\000\040\000P\000a\000t\000h}{subsection.5.5}% 92
\BOOKMARK [3][-]{subsubsection.5.5.5}{\376\377\000K\000e\000y\000\040\000O\000b\000s\000e\000r\000v\000a\000t\000i\000o\000n\000s}{subsection.5.5}% 93
\BOOKMARK [3][-]{subsubsection.5.5.6}{\376\377\000C\000o\000m\000p\000a\000r\000i\000s\000o\000n\000\040\000w\000i\000t\000h\000\040\000G\000l\000o\000b\000a\000l\000\040\000A\000l\000i\000g\000n\000m\000e\000n\000t}{subsection.5.5}% 94
