\BOOKMARK [0][-]{part.1}{\376\377\000I\000\040\000C\000l\000a\000s\000s\000i\000c\000a\000l\000\040\000P\000l\000a\000n\000n\000i\000n\000g}{}% 1
\BOOKMARK [1][-]{section.1}{\376\377\000I\000n\000t\000r\000o\000d\000u\000c\000t\000i\000o\000n\000\040\000t\000o\000\040\000P\000l\000a\000n\000n\000i\000n\000g}{part.1}% 2
\BOOKMARK [2][-]{subsection.1.1}{\376\377\000H\000i\000s\000t\000o\000r\000i\000c\000a\000l\000\040\000C\000o\000n\000t\000e\000x\000t\000\040\000a\000n\000d\000\040\000M\000o\000t\000i\000v\000a\000t\000i\000o\000n}{section.1}% 3
\BOOKMARK [2][-]{subsection.1.2}{\376\377\000T\000h\000e\000\040\000P\000l\000a\000n\000n\000i\000n\000g\000\040\000C\000y\000c\000l\000e}{section.1}% 4
\BOOKMARK [3][-]{subsubsection.1.2.1}{\376\377\000C\000h\000a\000l\000l\000e\000n\000g\000e\000s\000\040\000i\000n\000\040\000R\000e\000a\000l\000-\000W\000o\000r\000l\000d\000\040\000P\000l\000a\000n\000n\000i\000n\000g}{subsection.1.2}% 5
\BOOKMARK [1][-]{section.2}{\376\377\000F\000o\000r\000m\000a\000l\000i\000z\000a\000t\000i\000o\000n\000\040\000o\000f\000\040\000t\000h\000e\000\040\000P\000l\000a\000n\000n\000i\000n\000g\000\040\000P\000r\000o\000b\000l\000e\000m}{part.1}% 6
\BOOKMARK [2][-]{subsection.2.1}{\376\377\000S\000t\000a\000t\000e\000\040\000T\000r\000a\000n\000s\000i\000t\000i\000o\000n\000\040\000S\000y\000s\000t\000e\000m\000s}{section.2}% 7
\BOOKMARK [3][-]{subsubsection.2.1.1}{\376\377\000P\000r\000o\000p\000e\000r\000t\000i\000e\000s\000\040\000o\000f\000\040\000S\000t\000a\000t\000e\000\040\000T\000r\000a\000n\000s\000i\000t\000i\000o\000n\000\040\000S\000y\000s\000t\000e\000m\000s}{subsection.2.1}% 8
\BOOKMARK [2][-]{subsection.2.2}{\376\377\000C\000l\000a\000s\000s\000i\000c\000a\000l\000\040\000P\000l\000a\000n\000n\000i\000n\000g\000:\000\040\000F\000u\000n\000d\000a\000m\000e\000n\000t\000a\000l\000\040\000A\000s\000s\000u\000m\000p\000t\000i\000o\000n\000s}{section.2}% 9
\BOOKMARK [3][-]{subsubsection.2.2.1}{\376\377\000R\000e\000l\000a\000x\000i\000n\000g\000\040\000C\000l\000a\000s\000s\000i\000c\000a\000l\000\040\000A\000s\000s\000u\000m\000p\000t\000i\000o\000n\000s}{subsection.2.2}% 10
\BOOKMARK [2][-]{subsection.2.3}{\376\377\000T\000h\000e\000\040\000P\000l\000a\000n\000n\000i\000n\000g\000\040\000P\000r\000o\000b\000l\000e\000m}{section.2}% 11
\BOOKMARK [3][-]{subsubsection.2.3.1}{\376\377\000G\000o\000a\000l\000\040\000S\000p\000e\000c\000i\000f\000i\000c\000a\000t\000i\000o\000n}{subsection.2.3}% 12
\BOOKMARK [3][-]{subsubsection.2.3.2}{\376\377\000P\000l\000a\000n\000\040\000Q\000u\000a\000l\000i\000t\000y}{subsection.2.3}% 13
\BOOKMARK [1][-]{section.3}{\376\377\000R\000e\000p\000r\000e\000s\000e\000n\000t\000a\000t\000i\000o\000n\000\040\000o\000f\000\040\000P\000l\000a\000n\000n\000i\000n\000g\000\040\000P\000r\000o\000b\000l\000e\000m\000s}{part.1}% 14
\BOOKMARK [2][-]{subsection.3.1}{\376\377\000T\000h\000e\000\040\000C\000h\000a\000l\000l\000e\000n\000g\000e\000\040\000o\000f\000\040\000E\000x\000p\000l\000i\000c\000i\000t\000\040\000R\000e\000p\000r\000e\000s\000e\000n\000t\000a\000t\000i\000o\000n}{section.3}% 15
\BOOKMARK [2][-]{subsection.3.2}{\376\377\000A\000c\000t\000i\000o\000n\000\040\000S\000c\000h\000e\000m\000a\000s\000:\000\040\000S\000t\000r\000u\000c\000t\000u\000r\000e\000d\000\040\000R\000e\000p\000r\000e\000s\000e\000n\000t\000a\000t\000i\000o\000n}{section.3}% 16
\BOOKMARK [3][-]{subsubsection.3.2.1}{\376\377\000A\000d\000v\000a\000n\000t\000a\000g\000e\000s\000\040\000o\000f\000\040\000A\000c\000t\000i\000o\000n\000\040\000S\000c\000h\000e\000m\000a\000s}{subsection.3.2}% 17
\BOOKMARK [2][-]{subsection.3.3}{\376\377\000S\000t\000a\000t\000e\000\040\000R\000e\000p\000r\000e\000s\000e\000n\000t\000a\000t\000i\000o\000n\000:\000\040\000P\000r\000o\000p\000o\000s\000i\000t\000i\000o\000n\000a\000l\000\040\000L\000o\000g\000i\000c}{section.3}% 18
\BOOKMARK [3][-]{subsubsection.3.3.1}{\376\377\000S\000t\000a\000t\000e\000\040\000U\000p\000d\000a\000t\000e\000\040\000S\000e\000m\000a\000n\000t\000i\000c\000s}{subsection.3.3}% 19
\BOOKMARK [2][-]{subsection.3.4}{\376\377\000E\000x\000a\000m\000p\000l\000e\000:\000\040\000B\000l\000o\000c\000k\000s\000\040\000W\000o\000r\000l\000d}{section.3}% 20
\BOOKMARK [3][-]{subsubsection.3.4.1}{\376\377\000D\000o\000m\000a\000i\000n\000\040\000D\000e\000s\000c\000r\000i\000p\000t\000i\000o\000n}{subsection.3.4}% 21
\BOOKMARK [3][-]{subsubsection.3.4.2}{\376\377\000A\000c\000t\000i\000o\000n\000\040\000S\000c\000h\000e\000m\000a\000s}{subsection.3.4}% 22
\BOOKMARK [3][-]{subsubsection.3.4.3}{\376\377\000E\000x\000a\000m\000p\000l\000e\000\040\000P\000r\000o\000b\000l\000e\000m\000\040\000I\000n\000s\000t\000a\000n\000c\000e}{subsection.3.4}% 23
\BOOKMARK [0][-]{part.2}{\376\377\000I\000I\000\040\000A\000d\000v\000a\000n\000c\000e\000d\000\040\000P\000l\000a\000n\000n\000i\000n\000g\000\040\000R\000e\000p\000r\000e\000s\000e\000n\000t\000a\000t\000i\000o\000n\000s}{}% 24
\BOOKMARK [1][-]{section.4}{\376\377\000R\000e\000d\000u\000c\000t\000i\000o\000n\000\040\000t\000o\000\040\000P\000r\000o\000p\000o\000s\000i\000t\000i\000o\000n\000a\000l\000\040\000S\000a\000t\000i\000s\000f\000i\000a\000b\000i\000l\000i\000t\000y}{part.2}% 25
\BOOKMARK [2][-]{subsection.4.1}{\376\377\000M\000o\000t\000i\000v\000a\000t\000i\000o\000n}{section.4}% 26
\BOOKMARK [2][-]{subsection.4.2}{\376\377\000E\000x\000a\000m\000p\000l\000e\000\040\000D\000o\000m\000a\000i\000n\000:\000\040\000D\000o\000c\000k\000\040\000W\000o\000r\000k\000e\000r\000\040\000R\000o\000b\000o\000t\000s\000\040\000\050\000D\000W\000R\000\051}{section.4}% 27
\BOOKMARK [3][-]{subsubsection.4.2.1}{\376\377\000D\000o\000m\000a\000i\000n\000\040\000D\000e\000s\000c\000r\000i\000p\000t\000i\000o\000n}{subsection.4.2}% 28
\BOOKMARK [3][-]{subsubsection.4.2.2}{\376\377\000I\000n\000i\000t\000i\000a\000l\000\040\000S\000t\000a\000t\000e\000\040\000C\000o\000n\000f\000i\000g\000u\000r\000a\000t\000i\000o\000n}{subsection.4.2}% 29
\BOOKMARK [2][-]{subsection.4.3}{\376\377\000F\000o\000r\000m\000a\000l\000\040\000R\000e\000p\000r\000e\000s\000e\000n\000t\000a\000t\000i\000o\000n}{section.4}% 30
\BOOKMARK [3][-]{subsubsection.4.3.1}{\376\377\000O\000b\000j\000e\000c\000t\000s\000\040\000a\000n\000d\000\040\000T\000y\000p\000e\000s}{subsection.4.3}% 31
\BOOKMARK [3][-]{subsubsection.4.3.2}{\376\377\000S\000t\000a\000t\000i\000c\000\040\000R\000e\000l\000a\000t\000i\000o\000n\000s}{subsection.4.3}% 32
\BOOKMARK [3][-]{subsubsection.4.3.3}{\376\377\000R\000i\000g\000i\000d\000\040\000R\000e\000l\000a\000t\000i\000o\000n\000s}{subsection.4.3}% 33
\BOOKMARK [2][-]{subsection.4.4}{\376\377\000S\000t\000a\000t\000e\000\040\000R\000e\000p\000r\000e\000s\000e\000n\000t\000a\000t\000i\000o\000n\000\040\000i\000n\000\040\000D\000W\000R}{section.4}% 34
\BOOKMARK [3][-]{subsubsection.4.4.1}{\376\377\000W\000h\000a\000t\000\040\000i\000s\000\040\000a\000\040\000S\000t\000a\000t\000e\000?}{subsection.4.4}% 35
\BOOKMARK [3][-]{subsubsection.4.4.2}{\376\377\000S\000t\000a\000t\000e\000\040\000a\000s\000\040\000T\000r\000u\000t\000h\000\040\000A\000s\000s\000i\000g\000n\000m\000e\000n\000t}{subsection.4.4}% 36
\BOOKMARK [2][-]{subsection.4.5}{\376\377\000T\000w\000o\000\040\000R\000e\000p\000r\000e\000s\000e\000n\000t\000a\000t\000i\000o\000n\000\040\000F\000o\000r\000m\000a\000l\000i\000s\000m\000s}{section.4}% 37
\BOOKMARK [3][-]{subsubsection.4.5.1}{\376\377\000C\000l\000a\000s\000s\000i\000c\000a\000l\000\040\000\050\000P\000r\000o\000p\000o\000s\000i\000t\000i\000o\000n\000a\000l\000\051\000\040\000R\000e\000p\000r\000e\000s\000e\000n\000t\000a\000t\000i\000o\000n}{subsection.4.5}% 38
\BOOKMARK [3][-]{subsubsection.4.5.2}{\376\377\000S\000t\000a\000t\000e\000\040\000V\000a\000r\000i\000a\000b\000l\000e\000\040\000R\000e\000p\000r\000e\000s\000e\000n\000t\000a\000t\000i\000o\000n}{subsection.4.5}% 39
\BOOKMARK [3][-]{subsubsection.4.5.3}{\376\377\000E\000x\000a\000m\000p\000l\000e\000:\000\040\000C\000o\000m\000p\000l\000e\000t\000e\000\040\000S\000t\000a\000t\000e\000\040\000R\000e\000p\000r\000e\000s\000e\000n\000t\000a\000t\000i\000o\000n}{subsection.4.5}% 40
\BOOKMARK [2][-]{subsection.4.6}{\376\377\000K\000e\000y\000\040\000I\000n\000s\000i\000g\000h\000t\000:\000\040\000S\000t\000a\000t\000e\000s\000\040\000a\000s\000\040\000B\000o\000o\000l\000e\000a\000n\000\040\000A\000s\000s\000i\000g\000n\000m\000e\000n\000t\000s}{section.4}% 41
\BOOKMARK [1][-]{section.5}{\376\377\000A\000c\000t\000i\000o\000n\000\040\000S\000c\000h\000e\000m\000a\000s\000\040\000i\000n\000\040\000D\000W\000R}{part.2}% 42
\BOOKMARK [2][-]{subsection.5.1}{\376\377\000S\000t\000r\000u\000c\000t\000u\000r\000e\000\040\000o\000f\000\040\000A\000c\000t\000i\000o\000n\000\040\000S\000c\000h\000e\000m\000a\000s}{section.5}% 43
\BOOKMARK [2][-]{subsection.5.2}{\376\377\000E\000x\000a\000m\000p\000l\000e\000:\000\040\000T\000a\000k\000e\000/\000L\000o\000a\000d\000\040\000A\000c\000t\000i\000o\000n}{section.5}% 44
\BOOKMARK [3][-]{subsubsection.5.2.1}{\376\377\000C\000o\000r\000r\000e\000c\000t\000i\000n\000g\000\040\000S\000t\000a\000t\000i\000c\000\040\000R\000e\000l\000a\000t\000i\000o\000n\000s}{subsection.5.2}% 45
\BOOKMARK [3][-]{subsubsection.5.2.2}{\376\377\000P\000r\000e\000c\000o\000n\000d\000i\000t\000i\000o\000n\000s}{subsection.5.2}% 46
\BOOKMARK [3][-]{subsubsection.5.2.3}{\376\377\000E\000f\000f\000e\000c\000t\000s}{subsection.5.2}% 47
\BOOKMARK [2][-]{subsection.5.3}{\376\377\000A\000c\000t\000i\000o\000n\000\040\000A\000p\000p\000l\000i\000c\000a\000b\000i\000l\000i\000t\000y}{section.5}% 48
\BOOKMARK [3][-]{subsubsection.5.3.1}{\376\377\000E\000x\000a\000m\000p\000l\000e\000s}{subsection.5.3}% 49
\BOOKMARK [1][-]{section.6}{\376\377\000S\000t\000a\000t\000e\000\040\000T\000r\000a\000n\000s\000i\000t\000i\000o\000n\000\040\000F\000u\000n\000c\000t\000i\000o\000n}{part.2}% 50
\BOOKMARK [2][-]{subsection.6.1}{\376\377\000F\000o\000r\000m\000a\000l\000\040\000D\000e\000f\000i\000n\000i\000t\000i\000o\000n}{section.6}% 51
\BOOKMARK [2][-]{subsection.6.2}{\376\377\000C\000o\000m\000p\000u\000t\000i\000n\000g\000\040\000t\000h\000e\000\040\000S\000u\000c\000c\000e\000s\000s\000o\000r\000\040\000S\000t\000a\000t\000e}{section.6}% 52
\BOOKMARK [2][-]{subsection.6.3}{\376\377\000G\000o\000a\000l\000\040\000S\000t\000a\000t\000e\000s}{section.6}% 53
\BOOKMARK [2][-]{subsection.6.4}{\376\377\000C\000o\000m\000p\000a\000r\000i\000n\000g\000\040\000R\000e\000p\000r\000e\000s\000e\000n\000t\000a\000t\000i\000o\000n\000s\000:\000\040\000S\000i\000m\000p\000l\000i\000f\000i\000e\000d\000\040\000D\000W\000R\000\040\000E\000x\000a\000m\000p\000l\000e}{section.6}% 54
\BOOKMARK [3][-]{subsubsection.6.4.1}{\376\377\000C\000l\000a\000s\000s\000i\000c\000a\000l\000\040\000R\000e\000p\000r\000e\000s\000e\000n\000t\000a\000t\000i\000o\000n}{subsection.6.4}% 55
\BOOKMARK [3][-]{subsubsection.6.4.2}{\376\377\000S\000t\000a\000t\000e\000\040\000V\000a\000r\000i\000a\000b\000l\000e\000\040\000R\000e\000p\000r\000e\000s\000e\000n\000t\000a\000t\000i\000o\000n}{subsection.6.4}% 56
\BOOKMARK [3][-]{subsubsection.6.4.3}{\376\377\000K\000e\000y\000\040\000D\000i\000f\000f\000e\000r\000e\000n\000c\000e\000s}{subsection.6.4}% 57
\BOOKMARK [1][-]{section.7}{\376\377\000P\000l\000a\000n\000n\000i\000n\000g\000\040\000a\000s\000\040\000S\000a\000t\000i\000s\000f\000i\000a\000b\000i\000l\000i\000t\000y\000\040\000\050\000S\000A\000T\000\051}{part.2}% 58
\BOOKMARK [2][-]{subsection.7.1}{\376\377\000R\000e\000c\000a\000p\000:\000\040\000C\000o\000r\000e\000\040\000C\000o\000n\000c\000e\000p\000t\000s}{section.7}% 59
\BOOKMARK [2][-]{subsection.7.2}{\376\377\000T\000e\000m\000p\000o\000r\000a\000l\000\040\000I\000n\000s\000t\000a\000n\000t\000i\000a\000t\000i\000o\000n\000\040\000o\000f\000\040\000V\000a\000r\000i\000a\000b\000l\000e\000s}{section.7}% 60
\BOOKMARK [2][-]{subsection.7.3}{\376\377\000T\000h\000e\000\040\000B\000o\000u\000n\000d\000e\000d\000\040\000P\000l\000a\000n\000n\000i\000n\000g\000\040\000P\000r\000o\000b\000l\000e\000m}{section.7}% 61
\BOOKMARK [2][-]{subsection.7.4}{\376\377\000S\000A\000T\000\040\000E\000n\000c\000o\000d\000i\000n\000g}{section.7}% 62
\BOOKMARK [2][-]{subsection.7.5}{\376\377\000S\000o\000l\000v\000i\000n\000g\000\040\000P\000l\000a\000n\000n\000i\000n\000g\000\040\000v\000i\000a\000\040\000I\000t\000e\000r\000a\000t\000i\000v\000e\000\040\000D\000e\000e\000p\000e\000n\000i\000n\000g}{section.7}% 63
